<?xml version="1.0" encoding="UTF-8"?>
<testng-results ignored="0" total="1" passed="1" failed="0" skipped="0">
  <reporter-output>
  </reporter-output>
  <suite started-at="2025-05-28T22:36:45 IST" name="Default suite" finished-at="2025-05-28T22:36:55 IST" duration-ms="10429">
    <groups>
    </groups>
    <test started-at="2025-05-28T22:36:45 IST" name="Default test" finished-at="2025-05-28T22:36:55 IST" duration-ms="10429">
      <class name="pack1.webclass">
        <test-method signature="testLogin()[pri:0, instance:pack1.webclass@2b30a42c]" started-at="2025-05-28T22:36:45 IST" name="testLogin" finished-at="2025-05-28T22:36:55 IST" duration-ms="10345" status="PASS">
          <reporter-output>
          </reporter-output>
        </test-method> <!-- testLogin -->
      </class> <!-- pack1.webclass -->
    </test> <!-- Default test -->
  </suite> <!-- Default suite -->
</testng-results>
